Using pre-set license
Built from '2020.3/staging' branch; Version is '2020.3.3f1 (76626098c1c4) revision 7758432'; Using compiler version '192528614'; Build Type 'Release'
OS: 'Windows 10 Home; OS build 19043.1348; Version 2009; 64bit' Language: 'en' Physical Memory: 16325 MB
BatchMode: 1, IsHumanControllingUs: 0, StartBugReporterOnCrash: 0, Is64bit: 1, IsPro: 0

 COMMAND LINE ARGUMENTS:
C:\Program Files\Unity\Hub\Editor\2020.3.3f1\Editor\Unity.exe
-adb2
-batchMode
-noUpm
-name
AssetImportWorker0
-projectPath
C:/Users/tinhn/OneDrive/Documents/Unity Projects/SurvivalShooterCleanProc/SurvivalShooterCleanProc/SurvivalShooterClean
-logFile
Logs/AssetImportWorker0.log
-srvPort
61655
Successfully changed project path to: C:/Users/tinhn/OneDrive/Documents/Unity Projects/SurvivalShooterCleanProc/SurvivalShooterCleanProc/SurvivalShooterClean
C:/Users/tinhn/OneDrive/Documents/Unity Projects/SurvivalShooterCleanProc/SurvivalShooterCleanProc/SurvivalShooterClean
Using Asset Import Pipeline V2.
Refreshing native plugins compatible for Editor in 39.17 ms, found 0 plugins.
Preloading 0 native plugins for Editor in 0.00 ms.
Initialize engine version: 2020.3.3f1 (76626098c1c4)
[Subsystems] Discovering subsystems at path C:/Program Files/Unity/Hub/Editor/2020.3.3f1/Editor/Data/Resources/UnitySubsystems
[Subsystems] Discovering subsystems at path C:/Users/tinhn/OneDrive/Documents/Unity Projects/SurvivalShooterCleanProc/SurvivalShooterCleanProc/SurvivalShooterClean/Assets
GfxDevice: creating device client; threaded=0
Direct3D:
    Version:  Direct3D 11.0 [level 11.1]
    Renderer: NVIDIA GeForce RTX 2070 SUPER (ID=0x1e84)
    Vendor:   
    VRAM:     8011 MB
    Driver:   30.0.14.7196
Initialize mono
Mono path[0] = 'C:/Program Files/Unity/Hub/Editor/2020.3.3f1/Editor/Data/Managed'
Mono path[1] = 'C:/Program Files/Unity/Hub/Editor/2020.3.3f1/Editor/Data/MonoBleedingEdge/lib/mono/unityjit'
Mono config path = 'C:/Program Files/Unity/Hub/Editor/2020.3.3f1/Editor/Data/MonoBleedingEdge/etc'
Using monoOptions --debugger-agent=transport=dt_socket,embedding=1,server=y,suspend=n,address=127.0.0.1:56056
Begin MonoManager ReloadAssembly
Registering precompiled unity dll's ...
Register platform support module: C:/Program Files/Unity/Hub/Editor/2020.3.3f1/Editor/Data/PlaybackEngines/WindowsStandaloneSupport/UnityEditor.WindowsStandalone.Extensions.dll
Registered in 0.001683 seconds.
Native extension for WindowsStandalone target not found
Refreshing native plugins compatible for Editor in 35.94 ms, found 0 plugins.
Preloading 0 native plugins for Editor in 0.00 ms.
Invoked RoslynAnalysisRunner static constructor.
RoslynAnalysisRunner will not be running.
RoslynAnalysisRunner has terminated.
Mono: successfully reloaded assembly
- Completed reload, in  0.803 seconds
Platform modules already initialized, skipping
Registering precompiled user dll's ...
Registered in 0.003448 seconds.
Begin MonoManager ReloadAssembly
Native extension for WindowsStandalone target not found
Refreshing native plugins compatible for Editor in 0.43 ms, found 0 plugins.
Preloading 0 native plugins for Editor in 0.00 ms.
Invoked RoslynAnalysisRunner static constructor.
RoslynAnalysisRunner will not be running.
RoslynAnalysisRunner has terminated.
Mono: successfully reloaded assembly
- Completed reload, in  0.719 seconds
Platform modules already initialized, skipping
========================================================================
Worker process is ready to serve import requests
Launched and connected shader compiler UnityShaderCompiler.exe after 0.03 seconds
Refreshing native plugins compatible for Editor in 0.41 ms, found 0 plugins.
Preloading 0 native plugins for Editor in 0.00 ms.
Unloading 1931 Unused Serialized files (Serialized files now loaded: 0)
System memory in use before: 87.8 MB.
System memory in use after: 87.9 MB.

Unloading 37 unused Assets to reduce memory usage. Loaded Objects now: 2368.
Total: 1.647200 ms (FindLiveObjects: 0.210200 ms CreateObjectMapping: 0.076600 ms MarkObjects: 1.294100 ms  DeleteObjects: 0.065200 ms)

========================================================================
Received Import Request.
  path: Assets/ProcGenAssignment/LevelManager.cs
  artifactKey: Guid(0608697915ee65d42b707945811b7d3a) Importer(815301076,1909f56bfc062723c751e8b465ee728b)
Start importing Assets/ProcGenAssignment/LevelManager.cs using Guid(0608697915ee65d42b707945811b7d3a) Importer(815301076,1909f56bfc062723c751e8b465ee728b)  -> (artifact id: '7458c858e188a3001e1643cfe30d5703') in 0.018857 seconds
  Import took 0.022437 seconds .

========================================================================
Received Import Request.
  Time since last request: 0.000131 seconds.
  path: Assets/ProcGenAssignment/example_dungeon/NavMesh-NavInfo.asset
  artifactKey: Guid(f2a096612dc28204682c88d3f1a7060a) Importer(815301076,1909f56bfc062723c751e8b465ee728b)
Start importing Assets/ProcGenAssignment/example_dungeon/NavMesh-NavInfo.asset using Guid(f2a096612dc28204682c88d3f1a7060a) Importer(815301076,1909f56bfc062723c751e8b465ee728b)  -> (artifact id: '6e8e70869d4d31ce62eb29f2fa89c345') in 0.023383 seconds
  Import took 0.026217 seconds .

========================================================================
Received Prepare
Registering precompiled user dll's ...
Registered in 0.003220 seconds.
Begin MonoManager ReloadAssembly
Native extension for WindowsStandalone target not found
Refreshing native plugins compatible for Editor in 0.44 ms, found 0 plugins.
Preloading 0 native plugins for Editor in 0.00 ms.
Invoked RoslynAnalysisRunner static constructor.
RoslynAnalysisRunner will not be running.
RoslynAnalysisRunner has terminated.
Mono: successfully reloaded assembly
- Completed reload, in  0.685 seconds
Platform modules already initialized, skipping
Refreshing native plugins compatible for Editor in 0.43 ms, found 0 plugins.
Preloading 0 native plugins for Editor in 0.00 ms.
Unloading 1906 Unused Serialized files (Serialized files now loaded: 0)
System memory in use before: 85.8 MB.
System memory in use after: 85.9 MB.

Unloading 28 unused Assets to reduce memory usage. Loaded Objects now: 2371.
Total: 1.496800 ms (FindLiveObjects: 0.188500 ms CreateObjectMapping: 0.071200 ms MarkObjects: 1.220600 ms  DeleteObjects: 0.015600 ms)

========================================================================
Received Import Request.
  Time since last request: 845.090905 seconds.
  path: Assets/ProcGenAssignment/LevelManager.cs
  artifactKey: Guid(0608697915ee65d42b707945811b7d3a) Importer(815301076,1909f56bfc062723c751e8b465ee728b)
Start importing Assets/ProcGenAssignment/LevelManager.cs using Guid(0608697915ee65d42b707945811b7d3a) Importer(815301076,1909f56bfc062723c751e8b465ee728b)  -> (artifact id: 'e6a06d52c2150cc389bed1045cbfaa71') in 0.010643 seconds
  Import took 0.017869 seconds .

========================================================================
Received Prepare
Registering precompiled user dll's ...
Registered in 0.003215 seconds.
Begin MonoManager ReloadAssembly
Native extension for WindowsStandalone target not found
Refreshing native plugins compatible for Editor in 0.43 ms, found 0 plugins.
Preloading 0 native plugins for Editor in 0.00 ms.
Invoked RoslynAnalysisRunner static constructor.
RoslynAnalysisRunner will not be running.
RoslynAnalysisRunner has terminated.
Mono: successfully reloaded assembly
- Completed reload, in  0.682 seconds
Platform modules already initialized, skipping
Refreshing native plugins compatible for Editor in 0.44 ms, found 0 plugins.
Preloading 0 native plugins for Editor in 0.00 ms.
Unloading 1906 Unused Serialized files (Serialized files now loaded: 0)
System memory in use before: 85.9 MB.
System memory in use after: 86.0 MB.

Unloading 28 unused Assets to reduce memory usage. Loaded Objects now: 2374.
Total: 1.533200 ms (FindLiveObjects: 0.181900 ms CreateObjectMapping: 0.067800 ms MarkObjects: 1.264400 ms  DeleteObjects: 0.018200 ms)

========================================================================
Received Import Request.
  Time since last request: 26.075649 seconds.
  path: Assets/ProcGenAssignment/LevelManager.cs
  artifactKey: Guid(0608697915ee65d42b707945811b7d3a) Importer(815301076,1909f56bfc062723c751e8b465ee728b)
Start importing Assets/ProcGenAssignment/LevelManager.cs using Guid(0608697915ee65d42b707945811b7d3a) Importer(815301076,1909f56bfc062723c751e8b465ee728b)  -> (artifact id: 'c9b597daa7ab7f4688ccab4b7460c609') in 0.003835 seconds
  Import took 0.006163 seconds .

========================================================================
Received Import Request.
  Time since last request: 0.733269 seconds.
  path: Assets/ProcGenAssignment/LevelManager.cs
  artifactKey: Guid(0608697915ee65d42b707945811b7d3a) Importer(815301076,1909f56bfc062723c751e8b465ee728b)
Start importing Assets/ProcGenAssignment/LevelManager.cs using Guid(0608697915ee65d42b707945811b7d3a) Importer(815301076,1909f56bfc062723c751e8b465ee728b)  -> (artifact id: 'c9b597daa7ab7f4688ccab4b7460c609') in 0.002173 seconds
  Import took 0.004501 seconds .

========================================================================
Received Prepare
Registering precompiled user dll's ...
Registered in 0.003241 seconds.
Begin MonoManager ReloadAssembly
Native extension for WindowsStandalone target not found
Refreshing native plugins compatible for Editor in 0.42 ms, found 0 plugins.
Preloading 0 native plugins for Editor in 0.00 ms.
Invoked RoslynAnalysisRunner static constructor.
RoslynAnalysisRunner will not be running.
RoslynAnalysisRunner has terminated.
Mono: successfully reloaded assembly
- Completed reload, in  0.676 seconds
Platform modules already initialized, skipping
Refreshing native plugins compatible for Editor in 0.43 ms, found 0 plugins.
Preloading 0 native plugins for Editor in 0.00 ms.
Unloading 1906 Unused Serialized files (Serialized files now loaded: 0)
System memory in use before: 85.9 MB.
System memory in use after: 86.0 MB.

Unloading 28 unused Assets to reduce memory usage. Loaded Objects now: 2377.
Total: 3.966800 ms (FindLiveObjects: 0.434800 ms CreateObjectMapping: 0.202600 ms MarkObjects: 3.292500 ms  DeleteObjects: 0.034800 ms)

========================================================================
Received Import Request.
  Time since last request: 126.236012 seconds.
  path: Assets/ProcGenAssignment/LevelManager.cs
  artifactKey: Guid(0608697915ee65d42b707945811b7d3a) Importer(815301076,1909f56bfc062723c751e8b465ee728b)
Start importing Assets/ProcGenAssignment/LevelManager.cs using Guid(0608697915ee65d42b707945811b7d3a) Importer(815301076,1909f56bfc062723c751e8b465ee728b)  -> (artifact id: '9f43221c14eb347548304f982bcbabac') in 0.004071 seconds
  Import took 0.006934 seconds .

========================================================================
Received Import Request.
  Time since last request: 1.566971 seconds.
  path: Assets/ProcGenAssignment/LevelManager.cs
  artifactKey: Guid(0608697915ee65d42b707945811b7d3a) Importer(815301076,1909f56bfc062723c751e8b465ee728b)
Start importing Assets/ProcGenAssignment/LevelManager.cs using Guid(0608697915ee65d42b707945811b7d3a) Importer(815301076,1909f56bfc062723c751e8b465ee728b)  -> (artifact id: '9f43221c14eb347548304f982bcbabac') in 0.001812 seconds
  Import took 0.004215 seconds .

========================================================================
Received Prepare
Registering precompiled user dll's ...
Registered in 0.003388 seconds.
Begin MonoManager ReloadAssembly
Native extension for WindowsStandalone target not found
Refreshing native plugins compatible for Editor in 0.43 ms, found 0 plugins.
Preloading 0 native plugins for Editor in 0.00 ms.
Invoked RoslynAnalysisRunner static constructor.
RoslynAnalysisRunner will not be running.
RoslynAnalysisRunner has terminated.
Mono: successfully reloaded assembly
- Completed reload, in  0.685 seconds
Platform modules already initialized, skipping
Refreshing native plugins compatible for Editor in 0.43 ms, found 0 plugins.
Preloading 0 native plugins for Editor in 0.00 ms.
Unloading 1906 Unused Serialized files (Serialized files now loaded: 0)
System memory in use before: 85.9 MB.
System memory in use after: 86.0 MB.

Unloading 28 unused Assets to reduce memory usage. Loaded Objects now: 2380.
Total: 1.409300 ms (FindLiveObjects: 0.165000 ms CreateObjectMapping: 0.058300 ms MarkObjects: 1.170500 ms  DeleteObjects: 0.014700 ms)

========================================================================
Received Import Request.
  Time since last request: 85.708652 seconds.
  path: Assets/ProcGenAssignment/LevelManager.cs
  artifactKey: Guid(0608697915ee65d42b707945811b7d3a) Importer(815301076,1909f56bfc062723c751e8b465ee728b)
Start importing Assets/ProcGenAssignment/LevelManager.cs using Guid(0608697915ee65d42b707945811b7d3a) Importer(815301076,1909f56bfc062723c751e8b465ee728b)  -> (artifact id: 'fd1c97f67978c56acde18e0ee1583df0') in 0.004004 seconds
  Import took 0.010307 seconds .

========================================================================
Received Prepare
Registering precompiled user dll's ...
Registered in 0.003266 seconds.
Begin MonoManager ReloadAssembly
Native extension for WindowsStandalone target not found
Refreshing native plugins compatible for Editor in 0.42 ms, found 0 plugins.
Preloading 0 native plugins for Editor in 0.00 ms.
Invoked RoslynAnalysisRunner static constructor.
RoslynAnalysisRunner will not be running.
RoslynAnalysisRunner has terminated.
Mono: successfully reloaded assembly
- Completed reload, in  0.676 seconds
Platform modules already initialized, skipping
Refreshing native plugins compatible for Editor in 0.43 ms, found 0 plugins.
Preloading 0 native plugins for Editor in 0.00 ms.
Unloading 1906 Unused Serialized files (Serialized files now loaded: 0)
System memory in use before: 85.9 MB.
System memory in use after: 86.0 MB.

Unloading 28 unused Assets to reduce memory usage. Loaded Objects now: 2383.
Total: 1.483600 ms (FindLiveObjects: 0.160100 ms CreateObjectMapping: 0.066700 ms MarkObjects: 1.240100 ms  DeleteObjects: 0.015800 ms)

========================================================================
Received Import Request.
  Time since last request: 52.256055 seconds.
  path: Assets/ProcGenAssignment/LevelManager.cs
  artifactKey: Guid(0608697915ee65d42b707945811b7d3a) Importer(815301076,1909f56bfc062723c751e8b465ee728b)
Start importing Assets/ProcGenAssignment/LevelManager.cs using Guid(0608697915ee65d42b707945811b7d3a) Importer(815301076,1909f56bfc062723c751e8b465ee728b)  -> (artifact id: '309cf3584a90665857120ec1a024d566') in 0.005256 seconds
  Import took 0.009198 seconds .

========================================================================
Received Prepare
Registering precompiled user dll's ...
Registered in 0.003134 seconds.
Begin MonoManager ReloadAssembly
Native extension for WindowsStandalone target not found
Refreshing native plugins compatible for Editor in 0.42 ms, found 0 plugins.
Preloading 0 native plugins for Editor in 0.00 ms.
Invoked RoslynAnalysisRunner static constructor.
RoslynAnalysisRunner will not be running.
RoslynAnalysisRunner has terminated.
Mono: successfully reloaded assembly
- Completed reload, in  0.693 seconds
Platform modules already initialized, skipping
Refreshing native plugins compatible for Editor in 0.45 ms, found 0 plugins.
Preloading 0 native plugins for Editor in 0.00 ms.
Unloading 1906 Unused Serialized files (Serialized files now loaded: 0)
System memory in use before: 85.9 MB.
System memory in use after: 86.0 MB.

Unloading 28 unused Assets to reduce memory usage. Loaded Objects now: 2386.
Total: 1.427800 ms (FindLiveObjects: 0.151200 ms CreateObjectMapping: 0.056400 ms MarkObjects: 1.205000 ms  DeleteObjects: 0.014200 ms)

========================================================================
Received Prepare
Registering precompiled user dll's ...
Registered in 0.003192 seconds.
Begin MonoManager ReloadAssembly
Native extension for WindowsStandalone target not found
Refreshing native plugins compatible for Editor in 0.42 ms, found 0 plugins.
Preloading 0 native plugins for Editor in 0.00 ms.
Invoked RoslynAnalysisRunner static constructor.
RoslynAnalysisRunner will not be running.
RoslynAnalysisRunner has terminated.
Mono: successfully reloaded assembly
- Completed reload, in  0.683 seconds
Platform modules already initialized, skipping
Refreshing native plugins compatible for Editor in 0.43 ms, found 0 plugins.
Preloading 0 native plugins for Editor in 0.00 ms.
Unloading 1906 Unused Serialized files (Serialized files now loaded: 0)
System memory in use before: 85.9 MB.
System memory in use after: 86.0 MB.

Unloading 28 unused Assets to reduce memory usage. Loaded Objects now: 2389.
Total: 1.526400 ms (FindLiveObjects: 0.170600 ms CreateObjectMapping: 0.065400 ms MarkObjects: 1.273000 ms  DeleteObjects: 0.016000 ms)

========================================================================
Received Prepare
Registering precompiled user dll's ...
Registered in 0.003343 seconds.
Begin MonoManager ReloadAssembly
Native extension for WindowsStandalone target not found
Refreshing native plugins compatible for Editor in 0.44 ms, found 0 plugins.
Preloading 0 native plugins for Editor in 0.00 ms.
Invoked RoslynAnalysisRunner static constructor.
RoslynAnalysisRunner will not be running.
RoslynAnalysisRunner has terminated.
Mono: successfully reloaded assembly
- Completed reload, in  0.672 seconds
Platform modules already initialized, skipping
Refreshing native plugins compatible for Editor in 0.45 ms, found 0 plugins.
Preloading 0 native plugins for Editor in 0.00 ms.
Unloading 1906 Unused Serialized files (Serialized files now loaded: 0)
System memory in use before: 85.9 MB.
System memory in use after: 86.0 MB.

Unloading 28 unused Assets to reduce memory usage. Loaded Objects now: 2392.
Total: 1.409800 ms (FindLiveObjects: 0.160300 ms CreateObjectMapping: 0.063100 ms MarkObjects: 1.170800 ms  DeleteObjects: 0.014600 ms)

========================================================================
Received Prepare
Registering precompiled user dll's ...
Registered in 0.003416 seconds.
Begin MonoManager ReloadAssembly
Native extension for WindowsStandalone target not found
Refreshing native plugins compatible for Editor in 0.43 ms, found 0 plugins.
Preloading 0 native plugins for Editor in 0.00 ms.
Invoked RoslynAnalysisRunner static constructor.
RoslynAnalysisRunner will not be running.
RoslynAnalysisRunner has terminated.
Mono: successfully reloaded assembly
- Completed reload, in  0.693 seconds
Platform modules already initialized, skipping
Refreshing native plugins compatible for Editor in 0.43 ms, found 0 plugins.
Preloading 0 native plugins for Editor in 0.00 ms.
Unloading 1906 Unused Serialized files (Serialized files now loaded: 0)
System memory in use before: 85.9 MB.
System memory in use after: 86.1 MB.

Unloading 28 unused Assets to reduce memory usage. Loaded Objects now: 2395.
Total: 2.952400 ms (FindLiveObjects: 0.309600 ms CreateObjectMapping: 0.149500 ms MarkObjects: 2.459700 ms  DeleteObjects: 0.031500 ms)

========================================================================
Received Prepare
Registering precompiled user dll's ...
Registered in 0.003188 seconds.
Begin MonoManager ReloadAssembly
Native extension for WindowsStandalone target not found
Refreshing native plugins compatible for Editor in 0.43 ms, found 0 plugins.
Preloading 0 native plugins for Editor in 0.00 ms.
Invoked RoslynAnalysisRunner static constructor.
RoslynAnalysisRunner will not be running.
RoslynAnalysisRunner has terminated.
Mono: successfully reloaded assembly
- Completed reload, in  0.681 seconds
Platform modules already initialized, skipping
Refreshing native plugins compatible for Editor in 0.44 ms, found 0 plugins.
Preloading 0 native plugins for Editor in 0.00 ms.
Unloading 1906 Unused Serialized files (Serialized files now loaded: 0)
System memory in use before: 85.9 MB.
System memory in use after: 86.1 MB.

Unloading 28 unused Assets to reduce memory usage. Loaded Objects now: 2398.
Total: 1.470400 ms (FindLiveObjects: 0.169700 ms CreateObjectMapping: 0.061000 ms MarkObjects: 1.221000 ms  DeleteObjects: 0.017800 ms)

========================================================================
Received Prepare
Registering precompiled user dll's ...
Registered in 0.003341 seconds.
Begin MonoManager ReloadAssembly
Native extension for WindowsStandalone target not found
Refreshing native plugins compatible for Editor in 0.48 ms, found 0 plugins.
Preloading 0 native plugins for Editor in 0.00 ms.
Invoked RoslynAnalysisRunner static constructor.
RoslynAnalysisRunner will not be running.
RoslynAnalysisRunner has terminated.
Mono: successfully reloaded assembly
- Completed reload, in  0.681 seconds
Platform modules already initialized, skipping
Refreshing native plugins compatible for Editor in 0.44 ms, found 0 plugins.
Preloading 0 native plugins for Editor in 0.00 ms.
Unloading 1906 Unused Serialized files (Serialized files now loaded: 0)
System memory in use before: 86.0 MB.
System memory in use after: 86.1 MB.

Unloading 28 unused Assets to reduce memory usage. Loaded Objects now: 2401.
Total: 1.626700 ms (FindLiveObjects: 0.186900 ms CreateObjectMapping: 0.071400 ms MarkObjects: 1.346000 ms  DeleteObjects: 0.021400 ms)

========================================================================
Received Prepare
Registering precompiled user dll's ...
Registered in 0.003213 seconds.
Begin MonoManager ReloadAssembly
Native extension for WindowsStandalone target not found
Refreshing native plugins compatible for Editor in 0.42 ms, found 0 plugins.
Preloading 0 native plugins for Editor in 0.00 ms.
Invoked RoslynAnalysisRunner static constructor.
RoslynAnalysisRunner will not be running.
RoslynAnalysisRunner has terminated.
Mono: successfully reloaded assembly
- Completed reload, in  0.682 seconds
Platform modules already initialized, skipping
Refreshing native plugins compatible for Editor in 0.43 ms, found 0 plugins.
Preloading 0 native plugins for Editor in 0.00 ms.
Unloading 1906 Unused Serialized files (Serialized files now loaded: 0)
System memory in use before: 86.0 MB.
System memory in use after: 86.1 MB.

Unloading 28 unused Assets to reduce memory usage. Loaded Objects now: 2404.
Total: 2.451900 ms (FindLiveObjects: 0.246900 ms CreateObjectMapping: 0.116100 ms MarkObjects: 2.062300 ms  DeleteObjects: 0.025200 ms)

========================================================================
Received Prepare
Registering precompiled user dll's ...
Registered in 0.003795 seconds.
Begin MonoManager ReloadAssembly
Native extension for WindowsStandalone target not found
Refreshing native plugins compatible for Editor in 0.45 ms, found 0 plugins.
Preloading 0 native plugins for Editor in 0.00 ms.
Invoked RoslynAnalysisRunner static constructor.
RoslynAnalysisRunner will not be running.
RoslynAnalysisRunner has terminated.
Mono: successfully reloaded assembly
- Completed reload, in  0.730 seconds
Platform modules already initialized, skipping
Refreshing native plugins compatible for Editor in 0.43 ms, found 0 plugins.
Preloading 0 native plugins for Editor in 0.00 ms.
Unloading 1906 Unused Serialized files (Serialized files now loaded: 0)
System memory in use before: 86.0 MB.
System memory in use after: 86.1 MB.

Unloading 28 unused Assets to reduce memory usage. Loaded Objects now: 2407.
Total: 4.353100 ms (FindLiveObjects: 0.419300 ms CreateObjectMapping: 0.218500 ms MarkObjects: 3.674900 ms  DeleteObjects: 0.038200 ms)

AssetImportWorkerClient::OnTransportError - code=2 error=End of file
